<?xml version="1.0" encoding="UTF-8"?>
<!-- Generated by org.testng.reporters.JUnitReportReporter -->
<testsuite skipped="0" hostname="LT-CQVNX33" name="qamm.Mavenjava.ApiumTest" tests="2" failures="0" timestamp="2021-05-19T17:44:18 IST" time="0.000" errors="0">
  <testcase name="AND" time="0.000" classname="qamm.Mavenjava.ApiumTest"/>
  <system-out/>
  <testcase name="IOS" time="0.000" classname="qamm.Mavenjava.ApiumTest"/>
  <system-out/>
</testsuite> <!-- qamm.Mavenjava.ApiumTest -->
