<?xml version="1.0" encoding="UTF-8"?>
<!-- Generated by org.testng.reporters.JUnitReportReporter -->
<testsuite skipped="0" hostname="LT-CQVNX33" name="qamm.Mavenjava.SeleniumTest" tests="2" failures="0" timestamp="2021-05-20T18:00:03 IST" time="0.003" errors="0">
  <testcase name="browserAut" time="0.003" classname="qamm.Mavenjava.SeleniumTest"/>
  <system-out/>
  <testcase name="elements" time="0.000" classname="qamm.Mavenjava.SeleniumTest"/>
  <system-out/>
</testsuite> <!-- qamm.Mavenjava.SeleniumTest -->
