<?xml version="1.0" encoding="UTF-8"?>
<!-- Generated by org.testng.reporters.JUnitReportReporter -->
<testsuite skipped="0" hostname="LT-CQVNX33" name="qamm.Mavenjava.RestAPITest" tests="2" failures="0" timestamp="2021-05-20T18:00:03 IST" time="0.002" errors="0">
  <testcase name="jira" time="0.001" classname="qamm.Mavenjava.RestAPITest"/>
  <system-out/>
  <testcase name="postBug" time="0.001" classname="qamm.Mavenjava.RestAPITest"/>
  <system-out/>
</testsuite> <!-- qamm.Mavenjava.RestAPITest -->
